<?xml version="1.0" encoding="UTF-8"?>
<coverage generated="1781937867565" clover="3.2.0">
  <project timestamp="1781937867565" name="All files">
    <metrics statements="65" coveredstatements="64" conditionals="34" coveredconditionals="30" methods="17" coveredmethods="17" elements="116" coveredelements="111" complexity="0" loc="65" ncloc="65" packages="4" files="5" classes="5"/>
    <package name="components.coach">
      <metrics statements="50" coveredstatements="49" conditionals="32" coveredconditionals="28" methods="14" coveredmethods="14"/>
      <file name="chat-interface.tsx" path="/home/manne-rithvik/CodingStuff/carbon-coach-platform/components/coach/chat-interface.tsx">
        <metrics statements="50" coveredstatements="49" conditionals="32" coveredconditionals="28" methods="14" coveredmethods="14"/>
        <line num="3" count="1" type="stmt"/>
        <line num="4" count="1" type="stmt"/>
        <line num="5" count="1" type="stmt"/>
        <line num="6" count="1" type="stmt"/>
        <line num="7" count="1" type="stmt"/>
        <line num="8" count="1" type="stmt"/>
        <line num="9" count="1" type="stmt"/>
        <line num="10" count="1" type="stmt"/>
        <line num="11" count="1" type="stmt"/>
        <line num="12" count="1" type="stmt"/>
        <line num="13" count="1" type="stmt"/>
        <line num="14" count="1" type="stmt"/>
        <line num="15" count="1" type="stmt"/>
        <line num="17" count="1" type="stmt"/>
        <line num="25" count="5" type="cond" truecount="3" falsecount="1"/>
        <line num="26" count="5" type="stmt"/>
        <line num="27" count="5" type="stmt"/>
        <line num="28" count="5" type="stmt"/>
        <line num="33" count="9" type="stmt"/>
        <line num="34" count="17" type="stmt"/>
        <line num="35" count="17" type="stmt"/>
        <line num="37" count="17" type="stmt"/>
        <line num="41" count="17" type="cond" truecount="2" falsecount="0"/>
        <line num="43" count="17" type="stmt"/>
        <line num="44" count="9" type="cond" truecount="2" falsecount="0"/>
        <line num="45" count="1" type="stmt"/>
        <line num="49" count="17" type="stmt"/>
        <line num="50" count="9" type="stmt"/>
        <line num="51" count="9" type="cond" truecount="1" falsecount="1"/>
        <line num="52" count="9" type="stmt"/>
        <line num="58" count="0" type="stmt"/>
        <line num="63" count="3" type="stmt"/>
        <line num="64" count="3" type="cond" truecount="3" falsecount="1"/>
        <line num="65" count="3" type="stmt"/>
        <line num="66" count="3" type="stmt"/>
        <line num="67" count="3" type="stmt"/>
        <line num="69" count="1" type="stmt"/>
        <line num="74" count="2" type="cond" truecount="4" falsecount="0"/>
        <line num="75" count="1" type="stmt"/>
        <line num="76" count="1" type="stmt"/>
        <line num="118" count="52" type="stmt"/>
        <line num="122" count="1" type="stmt"/>
        <line num="123" count="1" type="stmt"/>
        <line num="136" count="5" type="stmt"/>
        <line num="137" count="5" type="stmt"/>
        <line num="139" count="5" type="stmt"/>
        <line num="203" count="3" type="stmt"/>
        <line num="224" count="12" type="stmt"/>
        <line num="228" count="1" type="stmt"/>
        <line num="229" count="1" type="stmt"/>
      </file>
    </package>
    <package name="components.ui">
      <metrics statements="9" coveredstatements="9" conditionals="2" coveredconditionals="2" methods="2" coveredmethods="2"/>
      <file name="button.tsx" path="/home/manne-rithvik/CodingStuff/carbon-coach-platform/components/ui/button.tsx">
        <metrics statements="5" coveredstatements="5" conditionals="2" coveredconditionals="2" methods="1" coveredmethods="1"/>
        <line num="1" count="2" type="stmt"/>
        <line num="2" count="2" type="stmt"/>
        <line num="4" count="2" type="stmt"/>
        <line num="6" count="2" type="stmt"/>
        <line num="58" count="18" type="stmt"/>
      </file>
      <file name="input.tsx" path="/home/manne-rithvik/CodingStuff/carbon-coach-platform/components/ui/input.tsx">
        <metrics statements="4" coveredstatements="4" conditionals="0" coveredconditionals="0" methods="1" coveredmethods="1"/>
        <line num="1" count="2" type="stmt"/>
        <line num="2" count="2" type="stmt"/>
        <line num="4" count="2" type="stmt"/>
        <line num="20" count="18" type="stmt"/>
      </file>
    </package>
    <package name="lib">
      <metrics statements="4" coveredstatements="4" conditionals="0" coveredconditionals="0" methods="1" coveredmethods="1"/>
      <file name="utils.ts" path="/home/manne-rithvik/CodingStuff/carbon-coach-platform/lib/utils.ts">
        <metrics statements="4" coveredstatements="4" conditionals="0" coveredconditionals="0" methods="1" coveredmethods="1"/>
        <line num="1" count="3" type="stmt"/>
        <line num="2" count="3" type="stmt"/>
        <line num="10" count="81" type="stmt"/>
        <line num="11" count="81" type="stmt"/>
      </file>
    </package>
    <package name="lib.validations">
      <metrics statements="2" coveredstatements="2" conditionals="0" coveredconditionals="0" methods="0" coveredmethods="0"/>
      <file name="activity.ts" path="/home/manne-rithvik/CodingStuff/carbon-coach-platform/lib/validations/activity.ts">
        <metrics statements="2" coveredstatements="2" conditionals="0" coveredconditionals="0" methods="0" coveredmethods="0"/>
        <line num="1" count="1" type="stmt"/>
        <line num="3" count="5" type="stmt"/>
      </file>
    </package>
  </project>
</coverage>
