{"/home/manne-rithvik/CodingStuff/carbon-coach-platform/components/coach/chat-interface.tsx": {"path":"/home/manne-rithvik/CodingStuff/carbon-coach-platform/components/coach/chat-interface.tsx","statementMap":{"0":{"start":{"line":33,"column":16},"end":{"line":33,"column":null}},"1":{"start":{"line":3,"column":24},"end":{"line":3,"column":null}},"2":{"start":{"line":4,"column":37},"end":{"line":4,"column":null}},"3":{"start":{"line":5,"column":44},"end":{"line":5,"column":null}},"4":{"start":{"line":6,"column":23},"end":{"line":6,"column":null}},"5":{"start":{"line":7,"column":22},"end":{"line":7,"column":null}},"6":{"start":{"line":8,"column":27},"end":{"line":8,"column":null}},"7":{"start":{"line":9,"column":39},"end":{"line":9,"column":null}},"8":{"start":{"line":10,"column":21},"end":{"line":10,"column":null}},"9":{"start":{"line":11,"column":43},"end":{"line":11,"column":null}},"10":{"start":{"line":12,"column":19},"end":{"line":12,"column":null}},"11":{"start":{"line":13,"column":26},"end":{"line":13,"column":null}},"12":{"start":{"line":14,"column":22},"end":{"line":14,"column":null}},"13":{"start":{"line":15,"column":22},"end":{"line":15,"column":null}},"14":{"start":{"line":17,"column":26},"end":{"line":22,"column":null}},"15":{"start":{"line":25,"column":2},"end":{"line":25,"column":null}},"16":{"start":{"line":25,"column":47},"end":{"line":25,"column":null}},"17":{"start":{"line":26,"column":2},"end":{"line":29,"column":null}},"18":{"start":{"line":27,"column":56},"end":{"line":27,"column":null}},"19":{"start":{"line":28,"column":16},"end":{"line":28,"column":22}},"20":{"start":{"line":34,"column":28},"end":{"line":34,"column":null}},"21":{"start":{"line":35,"column":20},"end":{"line":35,"column":null}},"22":{"start":{"line":37,"column":51},"end":{"line":39,"column":null}},"23":{"start":{"line":41,"column":22},"end":{"line":41,"column":null}},"24":{"start":{"line":43,"column":2},"end":{"line":47,"column":null}},"25":{"start":{"line":44,"column":4},"end":{"line":46,"column":null}},"26":{"start":{"line":45,"column":6},"end":{"line":45,"column":null}},"27":{"start":{"line":49,"column":2},"end":{"line":60,"column":null}},"28":{"start":{"line":50,"column":21},"end":{"line":50,"column":null}},"29":{"start":{"line":51,"column":4},"end":{"line":59,"column":null}},"30":{"start":{"line":52,"column":6},"end":{"line":55,"column":null}},"31":{"start":{"line":58,"column":6},"end":{"line":58,"column":null}},"32":{"start":{"line":63,"column":17},"end":{"line":63,"column":null}},"33":{"start":{"line":64,"column":4},"end":{"line":64,"column":null}},"34":{"start":{"line":64,"column":30},"end":{"line":64,"column":null}},"35":{"start":{"line":65,"column":4},"end":{"line":65,"column":null}},"36":{"start":{"line":66,"column":4},"end":{"line":70,"column":null}},"37":{"start":{"line":67,"column":6},"end":{"line":67,"column":null}},"38":{"start":{"line":69,"column":6},"end":{"line":69,"column":null}},"39":{"start":{"line":74,"column":4},"end":{"line":77,"column":null}},"40":{"start":{"line":75,"column":6},"end":{"line":75,"column":null}},"41":{"start":{"line":76,"column":6},"end":{"line":76,"column":null}},"42":{"start":{"line":118,"column":20},"end":{"line":119,"column":null}},"43":{"start":{"line":122,"column":24},"end":{"line":122,"column":null}},"44":{"start":{"line":123,"column":24},"end":{"line":123,"column":null}},"45":{"start":{"line":136,"column":29},"end":{"line":136,"column":null}},"46":{"start":{"line":137,"column":27},"end":{"line":137,"column":null}},"47":{"start":{"line":139,"column":14},"end":{"line":141,"column":null}},"48":{"start":{"line":203,"column":31},"end":{"line":203,"column":null}},"49":{"start":{"line":224,"column":16},"end":{"line":225,"column":null}},"50":{"start":{"line":228,"column":20},"end":{"line":228,"column":null}},"51":{"start":{"line":229,"column":20},"end":{"line":229,"column":null}}},"fnMap":{"0":{"name":"getUIMessageText","decl":{"start":{"line":24,"column":9},"end":{"line":24,"column":26}},"loc":{"start":{"line":24,"column":76},"end":{"line":30,"column":null}}},"1":{"name":"(anonymous_3)","decl":{"start":{"line":27,"column":12},"end":{"line":27,"column":13}},"loc":{"start":{"line":27,"column":56},"end":{"line":27,"column":null}}},"2":{"name":"(anonymous_4)","decl":{"start":{"line":28,"column":9},"end":{"line":28,"column":10}},"loc":{"start":{"line":28,"column":16},"end":{"line":28,"column":22}}},"3":{"name":"ChatInterface","decl":{"start":{"line":33,"column":16},"end":{"line":33,"column":null}},"loc":{"start":{"line":33,"column":16},"end":{"line":243,"column":null}}},"4":{"name":"(anonymous_6)","decl":{"start":{"line":43,"column":12},"end":{"line":43,"column":null}},"loc":{"start":{"line":43,"column":12},"end":{"line":47,"column":5}}},"5":{"name":"(anonymous_7)","decl":{"start":{"line":49,"column":12},"end":{"line":49,"column":null}},"loc":{"start":{"line":49,"column":12},"end":{"line":60,"column":5}}},"6":{"name":"handleSend","decl":{"start":{"line":62,"column":11},"end":{"line":62,"column":null}},"loc":{"start":{"line":62,"column":11},"end":{"line":71,"column":null}}},"7":{"name":"handleKeyDown","decl":{"start":{"line":73,"column":11},"end":{"line":73,"column":25}},"loc":{"start":{"line":73,"column":47},"end":{"line":78,"column":null}}},"8":{"name":"(anonymous_10)","decl":{"start":{"line":117,"column":41},"end":{"line":117,"column":42}},"loc":{"start":{"line":118,"column":20},"end":{"line":119,"column":null}}},"9":{"name":"(anonymous_11)","decl":{"start":{"line":121,"column":31},"end":{"line":121,"column":null}},"loc":{"start":{"line":121,"column":31},"end":{"line":124,"column":null}}},"10":{"name":"(anonymous_12)","decl":{"start":{"line":135,"column":26},"end":{"line":135,"column":27}},"loc":{"start":{"line":135,"column":27},"end":{"line":176,"column":null}}},"11":{"name":"(anonymous_13)","decl":{"start":{"line":203,"column":24},"end":{"line":203,"column":25}},"loc":{"start":{"line":203,"column":31},"end":{"line":203,"column":null}}},"12":{"name":"(anonymous_14)","decl":{"start":{"line":223,"column":49},"end":{"line":223,"column":50}},"loc":{"start":{"line":224,"column":16},"end":{"line":225,"column":null}}},"13":{"name":"(anonymous_15)","decl":{"start":{"line":227,"column":27},"end":{"line":227,"column":null}},"loc":{"start":{"line":227,"column":27},"end":{"line":230,"column":null}}}},"branchMap":{"0":{"loc":{"start":{"line":25,"column":2},"end":{"line":25,"column":null}},"type":"if","locations":[{"start":{"line":25,"column":2},"end":{"line":25,"column":null}},{"start":{},"end":{}}]},"1":{"loc":{"start":{"line":25,"column":6},"end":{"line":25,"column":47}},"type":"binary-expr","locations":[{"start":{"line":25,"column":6},"end":{"line":25,"column":16}},{"start":{"line":25,"column":20},"end":{"line":25,"column":47}}]},"2":{"loc":{"start":{"line":41,"column":22},"end":{"line":41,"column":null}},"type":"binary-expr","locations":[{"start":{"line":41,"column":22},"end":{"line":41,"column":48}},{"start":{"line":41,"column":48},"end":{"line":41,"column":null}}]},"3":{"loc":{"start":{"line":44,"column":4},"end":{"line":46,"column":null}},"type":"if","locations":[{"start":{"line":44,"column":4},"end":{"line":46,"column":null}},{"start":{},"end":{}}]},"4":{"loc":{"start":{"line":51,"column":4},"end":{"line":59,"column":null}},"type":"if","locations":[{"start":{"line":51,"column":4},"end":{"line":59,"column":null}},{"start":{"line":56,"column":11},"end":{"line":59,"column":null}}]},"5":{"loc":{"start":{"line":64,"column":4},"end":{"line":64,"column":null}},"type":"if","locations":[{"start":{"line":64,"column":4},"end":{"line":64,"column":null}},{"start":{},"end":{}}]},"6":{"loc":{"start":{"line":64,"column":8},"end":{"line":64,"column":30}},"type":"binary-expr","locations":[{"start":{"line":64,"column":8},"end":{"line":64,"column":17}},{"start":{"line":64,"column":17},"end":{"line":64,"column":30}}]},"7":{"loc":{"start":{"line":74,"column":4},"end":{"line":77,"column":null}},"type":"if","locations":[{"start":{"line":74,"column":4},"end":{"line":77,"column":null}},{"start":{},"end":{}}]},"8":{"loc":{"start":{"line":74,"column":8},"end":{"line":74,"column":40}},"type":"binary-expr","locations":[{"start":{"line":74,"column":8},"end":{"line":74,"column":29}},{"start":{"line":74,"column":29},"end":{"line":74,"column":40}}]},"9":{"loc":{"start":{"line":101,"column":13},"end":{"line":101,"column":null}},"type":"binary-expr","locations":[{"start":{"line":101,"column":13},"end":{"line":101,"column":null}}]},"10":{"loc":{"start":{"line":142,"column":80},"end":{"line":142,"column":null}},"type":"cond-expr","locations":[{"start":{"line":142,"column":89},"end":{"line":142,"column":110}},{"start":{"line":142,"column":110},"end":{"line":142,"column":null}}]},"11":{"loc":{"start":{"line":148,"column":24},"end":{"line":150,"column":null}},"type":"cond-expr","locations":[{"start":{"line":149,"column":28},"end":{"line":149,"column":null}},{"start":{"line":150,"column":28},"end":{"line":150,"column":null}}]},"12":{"loc":{"start":{"line":153,"column":32},"end":{"line":153,"column":63}},"type":"cond-expr","locations":[{"start":{"line":153,"column":32},"end":{"line":153,"column":63}}]},"13":{"loc":{"start":{"line":159,"column":22},"end":{"line":161,"column":null}},"type":"cond-expr","locations":[{"start":{"line":160,"column":26},"end":{"line":160,"column":null}},{"start":{"line":161,"column":26},"end":{"line":161,"column":null}}]},"14":{"loc":{"start":{"line":165,"column":22},"end":{"line":167,"column":23}},"type":"cond-expr","locations":[{"start":{"line":165,"column":22},"end":{"line":167,"column":23}}]},"15":{"loc":{"start":{"line":179,"column":13},"end":{"line":179,"column":28}},"type":"binary-expr","locations":[{"start":{"line":179,"column":13},"end":{"line":179,"column":28}},{"start":{"line":179,"column":28},"end":{"line":179,"column":null}}]},"16":{"loc":{"start":{"line":211,"column":24},"end":{"line":211,"column":null}},"type":"binary-expr","locations":[{"start":{"line":211,"column":24},"end":{"line":211,"column":39}},{"start":{"line":211,"column":39},"end":{"line":211,"column":null}}]},"17":{"loc":{"start":{"line":220,"column":11},"end":{"line":220,"column":null}},"type":"binary-expr","locations":[{"start":{"line":220,"column":11},"end":{"line":220,"column":null}}]}},"s":{"0":9,"1":1,"2":1,"3":1,"4":1,"5":1,"6":1,"7":1,"8":1,"9":1,"10":1,"11":1,"12":1,"13":1,"14":1,"15":5,"16":0,"17":5,"18":5,"19":5,"20":17,"21":17,"22":17,"23":17,"24":17,"25":9,"26":1,"27":17,"28":9,"29":9,"30":9,"31":0,"32":3,"33":3,"34":0,"35":3,"36":3,"37":3,"38":1,"39":2,"40":1,"41":1,"42":52,"43":1,"44":1,"45":5,"46":5,"47":5,"48":3,"49":12,"50":1,"51":1},"f":{"0":5,"1":5,"2":5,"3":17,"4":9,"5":9,"6":3,"7":2,"8":52,"9":1,"10":5,"11":3,"12":12,"13":1},"b":{"0":[0,5],"1":[5,5],"2":[17,17],"3":[1,8],"4":[9,0],"5":[0,3],"6":[3,3],"7":[1,1],"8":[2,2],"9":[17],"10":[4,1],"11":[4,1],"12":[4],"13":[4,1],"14":[4],"15":[17,0],"16":[17,17],"17":[17]}}
,"/home/manne-rithvik/CodingStuff/carbon-coach-platform/components/ui/button.tsx": {"path":"/home/manne-rithvik/CodingStuff/carbon-coach-platform/components/ui/button.tsx","statementMap":{"0":{"start":{"line":58,"column":9},"end":{"line":58,"column":17}},"1":{"start":{"line":58,"column":17},"end":{"line":58,"column":null}},"2":{"start":{"line":1,"column":42},"end":{"line":1,"column":null}},"3":{"start":{"line":2,"column":39},"end":{"line":2,"column":null}},"4":{"start":{"line":4,"column":19},"end":{"line":4,"column":null}},"5":{"start":{"line":6,"column":23},"end":{"line":40,"column":null}}},"fnMap":{"0":{"name":"Button","decl":{"start":{"line":43,"column":9},"end":{"line":43,"column":16}},"loc":{"start":{"line":48,"column":62},"end":{"line":56,"column":null}}}},"branchMap":{"0":{"loc":{"start":{"line":45,"column":2},"end":{"line":45,"column":21}},"type":"default-arg","locations":[{"start":{"line":45,"column":12},"end":{"line":45,"column":21}}]},"1":{"loc":{"start":{"line":46,"column":2},"end":{"line":46,"column":18}},"type":"default-arg","locations":[{"start":{"line":46,"column":9},"end":{"line":46,"column":18}}]}},"s":{"0":18,"1":0,"2":2,"3":2,"4":2,"5":2},"f":{"0":18},"b":{"0":[18],"1":[1]}}
,"/home/manne-rithvik/CodingStuff/carbon-coach-platform/components/ui/input.tsx": {"path":"/home/manne-rithvik/CodingStuff/carbon-coach-platform/components/ui/input.tsx","statementMap":{"0":{"start":{"line":20,"column":9},"end":{"line":20,"column":null}},"1":{"start":{"line":1,"column":23},"end":{"line":1,"column":null}},"2":{"start":{"line":2,"column":40},"end":{"line":2,"column":null}},"3":{"start":{"line":4,"column":19},"end":{"line":4,"column":null}}},"fnMap":{"0":{"name":"Input","decl":{"start":{"line":6,"column":9},"end":{"line":6,"column":15}},"loc":{"start":{"line":6,"column":75},"end":{"line":18,"column":null}}}},"branchMap":{},"s":{"0":18,"1":2,"2":2,"3":2},"f":{"0":18},"b":{}}
,"/home/manne-rithvik/CodingStuff/carbon-coach-platform/lib/utils.ts": {"path":"/home/manne-rithvik/CodingStuff/carbon-coach-platform/lib/utils.ts","statementMap":{"0":{"start":{"line":10,"column":16},"end":{"line":10,"column":19}},"1":{"start":{"line":1,"column":38},"end":{"line":1,"column":null}},"2":{"start":{"line":2,"column":24},"end":{"line":2,"column":null}},"3":{"start":{"line":11,"column":2},"end":{"line":11,"column":null}}},"fnMap":{"0":{"name":"cn","decl":{"start":{"line":10,"column":16},"end":{"line":10,"column":19}},"loc":{"start":{"line":10,"column":42},"end":{"line":12,"column":null}}}},"branchMap":{},"s":{"0":81,"1":3,"2":3,"3":81},"f":{"0":81},"b":{}}
,"/home/manne-rithvik/CodingStuff/carbon-coach-platform/lib/validations/activity.ts": {"path":"/home/manne-rithvik/CodingStuff/carbon-coach-platform/lib/validations/activity.ts","statementMap":{"0":{"start":{"line":3,"column":13},"end":{"line":3,"column":30}},"1":{"start":{"line":1,"column":18},"end":{"line":1,"column":null}},"2":{"start":{"line":3,"column":30},"end":{"line":8,"column":null}}},"fnMap":{},"branchMap":{},"s":{"0":5,"1":1,"2":1},"f":{},"b":{}}
}
