TN:
SF:components/coach/chat-interface.tsx
FN:24,getUIMessageText
FN:27,(anonymous_3)
FN:28,(anonymous_4)
FN:33,ChatInterface
FN:43,(anonymous_6)
FN:49,(anonymous_7)
FN:62,handleSend
FN:73,handleKeyDown
FN:117,(anonymous_10)
FN:121,(anonymous_11)
FN:135,(anonymous_12)
FN:203,(anonymous_13)
FN:223,(anonymous_14)
FN:227,(anonymous_15)
FNF:14
FNH:14
FNDA:5,getUIMessageText
FNDA:5,(anonymous_3)
FNDA:5,(anonymous_4)
FNDA:17,ChatInterface
FNDA:9,(anonymous_6)
FNDA:9,(anonymous_7)
FNDA:3,handleSend
FNDA:2,handleKeyDown
FNDA:52,(anonymous_10)
FNDA:1,(anonymous_11)
FNDA:5,(anonymous_12)
FNDA:3,(anonymous_13)
FNDA:12,(anonymous_14)
FNDA:1,(anonymous_15)
DA:3,1
DA:4,1
DA:5,1
DA:6,1
DA:7,1
DA:8,1
DA:9,1
DA:10,1
DA:11,1
DA:12,1
DA:13,1
DA:14,1
DA:15,1
DA:17,1
DA:25,5
DA:26,5
DA:27,5
DA:28,5
DA:33,9
DA:34,17
DA:35,17
DA:37,17
DA:41,17
DA:43,17
DA:44,9
DA:45,1
DA:49,17
DA:50,9
DA:51,9
DA:52,9
DA:58,0
DA:63,3
DA:64,3
DA:65,3
DA:66,3
DA:67,3
DA:69,1
DA:74,2
DA:75,1
DA:76,1
DA:118,52
DA:122,1
DA:123,1
DA:136,5
DA:137,5
DA:139,5
DA:203,3
DA:224,12
DA:228,1
DA:229,1
LF:50
LH:49
BRDA:25,0,0,0
BRDA:25,0,1,5
BRDA:25,1,0,5
BRDA:25,1,1,5
BRDA:41,2,0,17
BRDA:41,2,1,17
BRDA:44,3,0,1
BRDA:44,3,1,8
BRDA:51,4,0,9
BRDA:51,4,1,0
BRDA:64,5,0,0
BRDA:64,5,1,3
BRDA:64,6,0,3
BRDA:64,6,1,3
BRDA:74,7,0,1
BRDA:74,7,1,1
BRDA:74,8,0,2
BRDA:74,8,1,2
BRDA:101,9,0,17
BRDA:142,10,0,4
BRDA:142,10,1,1
BRDA:148,11,0,4
BRDA:148,11,1,1
BRDA:153,12,0,4
BRDA:159,13,0,4
BRDA:159,13,1,1
BRDA:165,14,0,4
BRDA:179,15,0,17
BRDA:179,15,1,0
BRDA:211,16,0,17
BRDA:211,16,1,17
BRDA:220,17,0,17
BRF:32
BRH:28
end_of_record
TN:
SF:components/ui/button.tsx
FN:43,Button
FNF:1
FNH:1
FNDA:18,Button
DA:1,2
DA:2,2
DA:4,2
DA:6,2
DA:58,18
LF:5
LH:5
BRDA:45,0,0,18
BRDA:46,1,0,1
BRF:2
BRH:2
end_of_record
TN:
SF:components/ui/input.tsx
FN:6,Input
FNF:1
FNH:1
FNDA:18,Input
DA:1,2
DA:2,2
DA:4,2
DA:20,18
LF:4
LH:4
BRF:0
BRH:0
end_of_record
TN:
SF:lib/utils.ts
FN:10,cn
FNF:1
FNH:1
FNDA:81,cn
DA:1,3
DA:2,3
DA:10,81
DA:11,81
LF:4
LH:4
BRF:0
BRH:0
end_of_record
TN:
SF:lib/validations/activity.ts
FNF:0
FNH:0
DA:1,1
DA:3,5
LF:2
LH:2
BRF:0
BRH:0
end_of_record
